[debug] [2021-02-01T20:26:52.164Z] ----------------------------------------------------------------------
[debug] [2021-02-01T20:26:52.169Z] Command:       C:\Program Files\nodejs\node.exe C:\Users\Κατερίνα Θάνου\AppData\Roaming\npm\node_modules\firebase-tools\lib\bin\firebase.js init
[debug] [2021-02-01T20:26:52.170Z] CLI Version:   9.2.2
[debug] [2021-02-01T20:26:52.171Z] Platform:      win32
[debug] [2021-02-01T20:26:52.171Z] Node Version:  v12.18.2
[debug] [2021-02-01T20:26:52.175Z] Time:          Mon Feb 01 2021 22:26:52 GMT+0200 (GMT+02:00)
[debug] [2021-02-01T20:26:52.176Z] ----------------------------------------------------------------------
[debug] [2021-02-01T20:26:52.176Z] 
[debug] [2021-02-01T20:26:52.192Z] > command requires scopes: ["email","openid","https://www.googleapis.com/auth/cloudplatformprojects.readonly","https://www.googleapis.com/auth/firebase","https://www.googleapis.com/auth/cloud-platform"]
[debug] [2021-02-01T20:26:52.194Z] > authorizing via signed-in user
[info] 
     ######## #### ########  ######## ########     ###     ######  ########
     ##        ##  ##     ## ##       ##     ##  ##   ##  ##       ##
     ######    ##  ########  ######   ########  #########  ######  ######
     ##        ##  ##    ##  ##       ##     ## ##     ##       ## ##
     ##       #### ##     ## ######## ########  ##     ##  ######  ########

You're about to initialize a Firebase project in this directory:

  C:\Users\Κατερίνα Θάνου\Projects\React\burgerapp

[info] 
=== Project Setup
[info] 
[info] First, let's associate this project directory with a Firebase project.
[info] You can create multiple project aliases by running firebase use --add, 
[info] but for now we'll just set up a default project.
[info] 
[debug] [2021-02-01T20:28:29.645Z] >>> [apiv2][query] GET https://firebase.googleapis.com/v1beta1/projects pageSize=100
[debug] [2021-02-01T20:28:30.099Z] <<< [apiv2][status] GET https://firebase.googleapis.com/v1beta1/projects 200
[debug] [2021-02-01T20:28:30.099Z] <<< [apiv2][body] GET https://firebase.googleapis.com/v1beta1/projects [omitted]
[info] i  Using project react-myburger-4bd23 (React-myburger) 
[info] 
=== Hosting Setup
[info] 
[info] Your public directory is the folder (relative to your project directory) that
[info] will contain Hosting assets to be uploaded with firebase deploy. If you
[info] have a build process for your assets, use your build's output directory.
[info] 
[debug] [2021-02-01T20:29:47.766Z] >>> [apiv2][query] GET https://www.gstatic.com/firebasejs/releases.json [none]
[debug] [2021-02-01T20:29:48.166Z] <<< [apiv2][status] GET https://www.gstatic.com/firebasejs/releases.json 200
[debug] [2021-02-01T20:29:48.167Z] <<< [apiv2][body] GET https://www.gstatic.com/firebasejs/releases.json {"current":{"version":"8.2.5","browserURL":"https://www.gstatic.com/firebasejs/8.2.5/firebase.js","packageURL":"https://www.gstatic.com/firebasejs/8.2.5/firebase.tgz"},"live":{"version":"8.2","browserURL":"https://www.gstatic.com/firebasejs/live/8.2/firebase.js","packageURL":"https://www.gstatic.com/firebasejs/live/8.2/firebase.tgz"},"components":{"analytics":"https://www.gstatic.com/firebasejs/8.2.5/firebase-analytics.js","app":"https://www.gstatic.com/firebasejs/8.2.5/firebase-app.js","auth":"https://www.gstatic.com/firebasejs/8.2.5/firebase-auth.js","database":"https://www.gstatic.com/firebasejs/8.2.5/firebase-database.js","firestore":"https://www.gstatic.com/firebasejs/8.2.5/firebase-firestore.js","functions":"https://www.gstatic.com/firebasejs/8.2.5/firebase-functions.js","installations":"https://www.gstatic.com/firebasejs/8.2.5/firebase-installations.js","messaging":"https://www.gstatic.com/firebasejs/8.2.5/firebase-messaging.js","storage":"https://www.gstatic.com/firebasejs/8.2.5/firebase-storage.js","performance":"https://www.gstatic.com/firebasejs/8.2.5/firebase-performance.js","remote-config":"https://www.gstatic.com/firebasejs/8.2.5/firebase-remote-config.js","firestore.memory":"https://www.gstatic.com/firebasejs/8.2.5/firebase-firestore.memory.js"}}
[info] i  Skipping write of build/index.html 
[info] 
[info] i  Detected a .git folder at C:\Users\Κατερίνα Θάνου\Projects\React\burgerapp 
[info] i  Authorizing with GitHub to upload your service account to a GitHub repository's secrets store. 
[info] 
[info] Visit this URL on this device to log in:
[info] https://github.com/login/oauth/authorize?client_id=89cf50f02ac6aaed3484&state=882931147&redirect_uri=http%3A%2F%2Flocalhost%3A9005&scope=read%3Auser%20repo%20public_repo
[info] 
[info] Waiting for authentication...
[debug] [2021-02-01T20:31:36.282Z] >>> HTTP REQUEST POST https://github.com/login/oauth/access_token  
 {"client_id":"89cf50f02ac6aaed3484","client_secret":"3330d14abc895d9a74d5f17cd7a00711fa2c5bf0","code":"11d57f6e797d309f1a09","redirect_uri":"http://localhost:9005","state":"882931147"}
[debug] [2021-02-01T20:31:36.639Z] <<< HTTP RESPONSE 200 {"date":"Mon, 01 Feb 2021 20:31:36 GMT","content-type":"application/json; charset=utf-8","transfer-encoding":"chunked","server":"GitHub.com","status":"200 OK","vary":"X-PJAX, Accept-Encoding, Accept, X-Requested-With, Accept-Encoding","etag":"W/\"2828f3d858d56f573f1faceb47e1b001\"","cache-control":"max-age=0, private, must-revalidate","strict-transport-security":"max-age=31536000; includeSubdomains; preload","x-frame-options":"deny","x-content-type-options":"nosniff","x-xss-protection":"1; mode=block","referrer-policy":"origin-when-cross-origin, strict-origin-when-cross-origin","expect-ct":"max-age=2592000, report-uri=\"https://api.github.com/_private/browser/errors\"","content-security-policy":"default-src 'none'; base-uri 'self'; block-all-mixed-content; connect-src 'self' uploads.github.com www.githubstatus.com collector.githubapp.com api.github.com github-cloud.s3.amazonaws.com github-production-repository-file-5c1aeb.s3.amazonaws.com github-production-upload-manifest-file-7fdce7.s3.amazonaws.com github-production-user-asset-6210df.s3.amazonaws.com cdn.optimizely.com logx.optimizely.com/v1/events wss://alive.github.com; font-src github.githubassets.com; form-action 'self' github.com gist.github.com; frame-ancestors 'none'; frame-src render.githubusercontent.com; img-src 'self' data: github.githubassets.com identicons.github.com collector.githubapp.com github-cloud.s3.amazonaws.com *.githubusercontent.com; manifest-src 'self'; media-src 'none'; script-src github.githubassets.com; style-src 'unsafe-inline' github.githubassets.com; worker-src github.com/socket-worker-5029ae85.js gist.github.com/socket-worker-5029ae85.js","x-github-request-id":"C5F9:2315:1467481:19D11BC:60186528"}
[debug] [2021-02-01T20:31:36.642Z] >>> [apiv2][query] GET https://api.github.com/user [none]
[debug] [2021-02-01T20:31:37.261Z] <<< [apiv2][status] GET https://api.github.com/user 200
[debug] [2021-02-01T20:31:37.262Z] <<< [apiv2][body] GET https://api.github.com/user {"login":"katerith","id":62903433,"node_id":"MDQ6VXNlcjYyOTAzNDMz","avatar_url":"https://avatars.githubusercontent.com/u/62903433?v=4","gravatar_id":"","url":"https://api.github.com/users/katerith","html_url":"https://github.com/katerith","followers_url":"https://api.github.com/users/katerith/followers","following_url":"https://api.github.com/users/katerith/following{/other_user}","gists_url":"https://api.github.com/users/katerith/gists{/gist_id}","starred_url":"https://api.github.com/users/katerith/starred{/owner}{/repo}","subscriptions_url":"https://api.github.com/users/katerith/subscriptions","organizations_url":"https://api.github.com/users/katerith/orgs","repos_url":"https://api.github.com/users/katerith/repos","events_url":"https://api.github.com/users/katerith/events{/privacy}","received_events_url":"https://api.github.com/users/katerith/received_events","type":"User","site_admin":false,"name":"Aikaterini Thanou","company":null,"blog":"","location":"Greece","email":null,"hireable":null,"bio":null,"twitter_username":null,"public_repos":3,"public_gists":1,"followers":3,"following":8,"created_at":"2020-03-30T18:00:05Z","updated_at":"2021-02-01T20:31:35Z","private_gists":0,"total_private_repos":0,"owned_private_repos":0,"disk_usage":169,"collaborators":0,"two_factor_authentication":false,"plan":{"name":"free","space":976562499,"collaborators":0,"private_repos":10000}}
[info] 
[info] +  Success! Logged into GitHub as katerith 
[info] 
[debug] [2021-02-01T20:32:32.079Z] >>> [apiv2][query] GET https://api.github.com/repos/katerith/burgerapp/actions/secrets/public-key type=owner
[debug] [2021-02-01T20:32:32.883Z] <<< [apiv2][status] GET https://api.github.com/repos/katerith/burgerapp/actions/secrets/public-key 404
[debug] [2021-02-01T20:32:32.883Z] <<< [apiv2][body] GET https://api.github.com/repos/katerith/burgerapp/actions/secrets/public-key {"message":"Not Found","documentation_url":"https://docs.github.com/rest/reference/actions#get-a-repository-public-key"}
[debug] [2021-02-01T20:36:01.824Z] >>> [apiv2][query] GET https://api.github.com/repos//actions/secrets/public-key type=owner
[debug] [2021-02-01T20:36:02.102Z] <<< [apiv2][status] GET https://api.github.com/repos//actions/secrets/public-key 404
[debug] [2021-02-01T20:36:02.103Z] <<< [apiv2][body] GET https://api.github.com/repos//actions/secrets/public-key {"message":"Not Found","documentation_url":"https://docs.github.com/rest"}
[debug] [2021-02-01T20:36:20.968Z] >>> [apiv2][query] GET https://api.github.com/repos/n/actions/secrets/public-key type=owner
[debug] [2021-02-01T20:36:21.279Z] <<< [apiv2][status] GET https://api.github.com/repos/n/actions/secrets/public-key 404
[debug] [2021-02-01T20:36:21.280Z] <<< [apiv2][body] GET https://api.github.com/repos/n/actions/secrets/public-key {"message":"Not Found","documentation_url":"https://docs.github.com/rest"}
